SF:lib/data/models/service.dart
DA:9,2
DA:18,1
DA:19,1
DA:20,2
DA:21,2
DA:22,2
DA:23,2
DA:24,2
DA:29,1
DA:30,1
DA:31,1
DA:32,1
DA:33,1
DA:34,1
DA:35,1
DA:39,1
DA:42,1
DA:43,3
DA:44,3
DA:45,3
DA:46,3
DA:47,3
DA:50,1
DA:52,6
DA:55,1
DA:57,6
LF:26
LH:26
end_of_record
SF:lib/data/models/business.dart
DA:8,2
DA:16,1
DA:17,1
DA:18,1
DA:19,2
DA:20,2
DA:21,2
DA:26,1
DA:27,1
DA:28,1
DA:29,1
DA:30,1
DA:31,1
DA:36,1
DA:37,2
DA:38,2
DA:39,5
DA:43,1
DA:45,1
DA:48,2
DA:49,1
DA:50,1
DA:57,1
DA:59,1
DA:60,3
DA:64,1
DA:65,4
DA:69,1
DA:70,4
DA:73,1
DA:76,1
DA:77,3
DA:78,3
DA:79,3
DA:80,3
DA:83,1
DA:85,5
DA:88,1
DA:90,5
DA:97,2
DA:99,1
DA:100,2
LF:42
LH:42
end_of_record
SF:lib/utils/validators.dart
DA:4,1
DA:5,1
DA:8,1
DA:12,1
DA:14,2
DA:17,1
DA:18,2
DA:22,2
DA:26,1
DA:27,1
DA:28,1
DA:29,2
DA:30,2
DA:31,2
DA:35,1
DA:36,1
DA:37,5
DA:41,1
DA:42,1
DA:43,1
DA:47,1
DA:48,3
DA:52,1
DA:54,2
DA:57,1
DA:58,1
DA:65,1
DA:66,1
DA:67,1
DA:68,1
DA:69,1
DA:70,1
DA:71,1
LF:33
LH:33
end_of_record
SF:lib/utils/color_scheme.dart
DA:7,0
DA:61,1
DA:93,1
DA:162,1
DA:163,2
DA:164,1
DA:167,1
DA:168,1
DA:169,1
DA:170,1
DA:171,1
DA:173,1
DA:174,1
DA:175,1
DA:177,1
DA:178,1
DA:186,1
DA:187,1
DA:190,1
DA:191,3
DA:192,1
DA:193,3
DA:194,2
DA:197,1
DA:198,3
DA:199,1
DA:200,3
DA:201,2
DA:215,1
DA:216,1
DA:219,2
DA:222,1
DA:223,2
DA:228,1
DA:229,2
LF:35
LH:34
end_of_record
